2024-08-31 08:56:14,084 - drb - INFO - Environment info:
------------------------------------------------------------
sys.platform: linux
Python: 3.8.16 (default, Mar  2 2023, 03:21:46) [GCC 11.2.0]
CUDA available: True
GPU 0: NVIDIA A100-SXM4-80GB
CUDA_HOME: /usr/local/cuda
NVCC: Cuda compilation tools, release 12.1, V12.1.105
GCC: gcc (Ubuntu 11.4.0-1ubuntu1~22.04) 11.4.0
PyTorch: 2.0.1
PyTorch compiling details: PyTorch built with:
  - GCC 9.3
  - C++ Version: 201703
  - Intel(R) oneAPI Math Kernel Library Version 2023.1-Product Build 20230303 for Intel(R) 64 architecture applications
  - Intel(R) MKL-DNN v2.7.3 (Git Hash 6dbeffbae1f23cbbeae17adb7b5b13f1f37c080e)
  - OpenMP 201511 (a.k.a. OpenMP 4.5)
  - LAPACK is enabled (usually provided by MKL)
  - NNPACK is enabled
  - CPU capability usage: AVX2
  - CUDA Runtime 11.7
  - NVCC architecture flags: -gencode;arch=compute_37,code=sm_37;-gencode;arch=compute_50,code=sm_50;-gencode;arch=compute_60,code=sm_60;-gencode;arch=compute_61,code=sm_61;-gencode;arch=compute_70,code=sm_70;-gencode;arch=compute_75,code=sm_75;-gencode;arch=compute_80,code=sm_80;-gencode;arch=compute_86,code=sm_86;-gencode;arch=compute_37,code=compute_37
  - CuDNN 8.5
  - Magma 2.6.1
  - Build settings: BLAS_INFO=mkl, BUILD_TYPE=Release, CUDA_VERSION=11.7, CUDNN_VERSION=8.5.0, CXX_COMPILER=/opt/rh/devtoolset-9/root/usr/bin/c++, CXX_FLAGS= -D_GLIBCXX_USE_CXX11_ABI=0 -fabi-version=11 -Wno-deprecated -fvisibility-inlines-hidden -DUSE_PTHREADPOOL -DNDEBUG -DUSE_KINETO -DLIBKINETO_NOROCTRACER -DUSE_FBGEMM -DUSE_QNNPACK -DUSE_PYTORCH_QNNPACK -DUSE_XNNPACK -DSYMBOLICATE_MOBILE_DEBUG_HANDLE -O2 -fPIC -Wall -Wextra -Werror=return-type -Werror=non-virtual-dtor -Werror=bool-operation -Wnarrowing -Wno-missing-field-initializers -Wno-type-limits -Wno-array-bounds -Wno-unknown-pragmas -Wunused-local-typedefs -Wno-unused-parameter -Wno-unused-function -Wno-unused-result -Wno-strict-overflow -Wno-strict-aliasing -Wno-error=deprecated-declarations -Wno-stringop-overflow -Wno-psabi -Wno-error=pedantic -Wno-error=redundant-decls -Wno-error=old-style-cast -fdiagnostics-color=always -faligned-new -Wno-unused-but-set-variable -Wno-maybe-uninitialized -fno-math-errno -fno-trapping-math -Werror=format -Werror=cast-function-type -Wno-stringop-overflow, LAPACK_INFO=mkl, PERF_WITH_AVX=1, PERF_WITH_AVX2=1, PERF_WITH_AVX512=1, TORCH_DISABLE_GPU_ASSERTS=ON, TORCH_VERSION=2.0.1, USE_CUDA=ON, USE_CUDNN=ON, USE_EXCEPTION_PTR=1, USE_GFLAGS=OFF, USE_GLOG=OFF, USE_MKL=ON, USE_MKLDNN=ON, USE_MPI=OFF, USE_NCCL=ON, USE_NNPACK=ON, USE_OPENMP=ON, USE_ROCM=OFF, 

TorchVision: 0.15.2
OpenCV: 4.7.0
MMCV: 1.6.1
MMCV Compiler: n/a
MMCV CUDA Compiler: n/a
DRB: 0.0.1+
------------------------------------------------------------

2024-08-31 08:56:14,085 - drb - INFO - Distributed training: False
2024-08-31 08:56:14,160 - drb - INFO - Config:
cudnn_benchmark = True
load_from = None
resume_from = None
dist_params = dict(backend='nccl')
log_level = 'INFO'
workflow = [('train', 1)]
fp16 = dict(loss_scale='dynamic')
model = dict(
    type='OCTEVA3D', slice_dim=16, num_classes=2, grad_checkpointing=True)
optimizer = dict(
    type='AdamW',
    lr=0.0002,
    betas=(0.9, 0.999),
    weight_decay=0.05,
    paramwise_cfg=dict(
        bypass_duplicate=True,
        custom_keys=dict({
            'patch_embed.': dict(lr_mult=0.1, decay_mult=1.0),
            'blocks.': dict(lr_mult=0.1, decay_mult=1.0),
            'norm.': dict(lr_mult=0.1, decay_mult=1.0),
            'rope.': dict(lr_mult=0.1, decay_mult=1.0)
        })))
optimizer_config = dict()
runner = dict(type='EpochBasedRunner', max_epochs=10)
data = dict(
    samples_per_gpu=8,
    workers_per_gpu=8,
    train=dict(
        type='RepeatDataset',
        times=1,
        dataset=dict(
            type='OCTVFDataset',
            data_root=
            '/cpfs01/user/songdiping/Workspaces/Data/oct2vf/zoc3d-2022_resize384/',
            split='TrainVal_split/disc_train_split.json',
            num_classes=2,
            slice_dim=16,
            reg_targets_dim=54,
            cls_targets_dim=52,
            num_thread=1,
            dataAug=True)),
    val=dict(
        type='OCTVFDataset',
        data_root=
        '/cpfs01/user/songdiping/Workspaces/Data/oct2vf/zoc3d-2022_resize384/',
        split='TrainVal_split/disc_val_split.json',
        reg_targets_dim=54,
        cls_targets_dim=52,
        num_classes=2,
        slice_dim=16))
evaluation = dict(
    interval=1, less_keys=['mad'], greater_keys=['acc'], save_best='mad')
lr_config = dict(
    policy='CosineAnnealing',
    min_lr=0,
    by_epoch=False,
    warmup='linear',
    warmup_ratio=0.001,
    warmup_iters=100,
    warmup_by_epoch=False)
checkpoint_config = dict(by_epoch=True, interval=1)
log_config = dict(
    interval=25, hooks=[dict(type='TextLoggerHook', by_epoch=False)])
work_dir = './work_dirs/train_config'
gpu_ids = range(0, 1)

2024-08-31 08:56:14,163 - drb - INFO - Set random seed to 694959233, deterministic: False
2024-08-31 08:56:24,321 - drb - INFO - OCTEVA3D(
  (patch_embed): PatchEmbed(
    (proj): Conv2d(1, 192, kernel_size=(14, 14), stride=(14, 14))
    (norm): Identity()
  )
  (blocks): ModuleList(
    (0-11): 12 x EvaBlock(
      (norm1): LayerNorm((192,), eps=1e-06, elementwise_affine=True)
      (attn): EvaAttention(
        (qkv): Linear(in_features=192, out_features=576, bias=False)
        (attn_drop): Dropout(p=0.0, inplace=False)
        (norm): Identity()
        (proj): Linear(in_features=192, out_features=192, bias=True)
        (proj_drop): Dropout(p=0.0, inplace=False)
      )
      (drop_path1): Identity()
      (norm2): LayerNorm((192,), eps=1e-06, elementwise_affine=True)
      (mlp): GluMlp(
        (fc1): Linear(in_features=192, out_features=1024, bias=True)
        (act): SiLU()
        (drop1): Dropout(p=0.0, inplace=False)
        (norm): Identity()
        (fc2): Linear(in_features=512, out_features=192, bias=True)
        (drop2): Dropout(p=0.0, inplace=False)
      )
      (drop_path2): Identity()
    )
  )
  (pos_drop): Dropout(p=0.0, inplace=False)
  (rope): RotaryEmbeddingCat()
  (norm): Identity()
  (age_embed): Embedding(120, 192)
  (slice_fuse): Sequential(
    (0): FuseSliceLayer(
      (attn): MultiheadAttention(
        (out_proj): NonDynamicallyQuantizableLinear(in_features=192, out_features=192, bias=True)
      )
    )
    (1): FuseSliceLayer(
      (attn): MultiheadAttention(
        (out_proj): NonDynamicallyQuantizableLinear(in_features=192, out_features=192, bias=True)
      )
    )
    (2): FuseSliceLayer(
      (attn): MultiheadAttention(
        (out_proj): NonDynamicallyQuantizableLinear(in_features=192, out_features=192, bias=True)
      )
    )
  )
  (reg_head): Linear(in_features=192, out_features=54, bias=True)
  (cls_head): Linear(in_features=192, out_features=104, bias=True)
)
2024-08-31 08:56:37,186 - drb - INFO - Start running, host: root@dsw-90562-d9b4f779c-4pmnh, work_dir: /cpfs01/user/songdiping/Workspaces/Codes/oct2vf_github/work_dirs/train_config
2024-08-31 08:56:37,187 - drb - INFO - Hooks will be executed in the following order:
before_run:
(VERY_HIGH   ) CosineAnnealingLrUpdaterHook       
(ABOVE_NORMAL) Fp16OptimizerHook                  
(NORMAL      ) CheckpointHook                     
(LOW         ) EvalHook                           
(VERY_LOW    ) TextLoggerHook                     
 -------------------- 
before_train_epoch:
(VERY_HIGH   ) CosineAnnealingLrUpdaterHook       
(LOW         ) IterTimerHook                      
(LOW         ) EvalHook                           
(VERY_LOW    ) TextLoggerHook                     
 -------------------- 
before_train_iter:
(VERY_HIGH   ) CosineAnnealingLrUpdaterHook       
(LOW         ) IterTimerHook                      
(LOW         ) EvalHook                           
 -------------------- 
after_train_iter:
(ABOVE_NORMAL) Fp16OptimizerHook                  
(NORMAL      ) CheckpointHook                     
(LOW         ) IterTimerHook                      
(LOW         ) EvalHook                           
(VERY_LOW    ) TextLoggerHook                     
 -------------------- 
after_train_epoch:
(NORMAL      ) CheckpointHook                     
(LOW         ) EvalHook                           
(VERY_LOW    ) TextLoggerHook                     
 -------------------- 
before_val_epoch:
(LOW         ) IterTimerHook                      
(VERY_LOW    ) TextLoggerHook                     
 -------------------- 
before_val_iter:
(LOW         ) IterTimerHook                      
 -------------------- 
after_val_iter:
(LOW         ) IterTimerHook                      
 -------------------- 
after_val_epoch:
(VERY_LOW    ) TextLoggerHook                     
 -------------------- 
after_run:
(VERY_LOW    ) TextLoggerHook                     
 -------------------- 
2024-08-31 08:56:37,187 - drb - INFO - workflow: [('train', 1)], max: 10 epochs
2024-08-31 08:56:37,188 - drb - INFO - Checkpoints will be saved to /cpfs01/user/songdiping/Workspaces/Codes/oct2vf_github/work_dirs/train_config by HardDiskBackend.
2024-08-31 08:57:16,086 - drb - INFO - Iter [25/11480]	lr: 4.815e-05, eta: 4:57:00, time: 1.556, data_time: 0.128, memory: 58396, n_reg_loss: 9.8540, n_cls_loss: 8.5896, def_reg_loss: 8.0236, def_cls_loss: 3.5126, blind_reg_loss: 10.8669, loss: 40.8468
2024-08-31 08:57:47,929 - drb - INFO - Iter [50/11480]	lr: 9.810e-05, eta: 4:29:29, time: 1.274, data_time: 0.001, memory: 58396, n_reg_loss: 5.9103, n_cls_loss: 7.9505, def_reg_loss: 7.2823, def_cls_loss: 3.7599, blind_reg_loss: 5.2056, loss: 30.1086
2024-08-31 08:58:19,674 - drb - INFO - Iter [75/11480]	lr: 1.480e-04, eta: 4:19:43, time: 1.270, data_time: 0.001, memory: 58396, n_reg_loss: 2.7134, n_cls_loss: 6.4423, def_reg_loss: 5.9947, def_cls_loss: 4.4783, blind_reg_loss: 4.6061, loss: 24.2348
2024-08-31 08:58:51,421 - drb - INFO - Iter [100/11480]	lr: 1.980e-04, eta: 4:14:34, time: 1.270, data_time: 0.001, memory: 58396, n_reg_loss: 2.7841, n_cls_loss: 5.2175, def_reg_loss: 6.9761, def_cls_loss: 5.1812, blind_reg_loss: 3.9800, loss: 24.1388
2024-08-31 08:59:23,167 - drb - INFO - Iter [125/11480]	lr: 1.999e-04, eta: 4:11:17, time: 1.270, data_time: 0.001, memory: 58396, n_reg_loss: 2.8055, n_cls_loss: 4.4951, def_reg_loss: 7.2610, def_cls_loss: 5.7103, blind_reg_loss: 4.4734, loss: 24.7453
2024-08-31 08:59:55,092 - drb - INFO - Iter [150/11480]	lr: 1.999e-04, eta: 4:09:07, time: 1.277, data_time: 0.001, memory: 58396, n_reg_loss: 3.0668, n_cls_loss: 4.4893, def_reg_loss: 5.8849, def_cls_loss: 5.7115, blind_reg_loss: 4.0777, loss: 23.2301
2024-08-31 09:00:27,201 - drb - INFO - Iter [175/11480]	lr: 1.999e-04, eta: 4:07:38, time: 1.284, data_time: 0.001, memory: 58396, n_reg_loss: 2.7494, n_cls_loss: 4.3776, def_reg_loss: 6.3953, def_cls_loss: 5.7811, blind_reg_loss: 4.1756, loss: 23.4790
2024-08-31 09:00:58,998 - drb - INFO - Iter [200/11480]	lr: 1.999e-04, eta: 4:06:05, time: 1.272, data_time: 0.001, memory: 58396, n_reg_loss: 2.5699, n_cls_loss: 4.2780, def_reg_loss: 6.8682, def_cls_loss: 5.9111, blind_reg_loss: 4.1834, loss: 23.8105
2024-08-31 09:01:30,633 - drb - INFO - Iter [225/11480]	lr: 1.998e-04, eta: 4:04:38, time: 1.265, data_time: 0.001, memory: 58396, n_reg_loss: 2.5980, n_cls_loss: 4.1718, def_reg_loss: 5.3553, def_cls_loss: 5.9311, blind_reg_loss: 4.4105, loss: 22.4665
2024-08-31 09:02:02,514 - drb - INFO - Iter [250/11480]	lr: 1.998e-04, eta: 4:03:33, time: 1.275, data_time: 0.001, memory: 58396, n_reg_loss: 2.6102, n_cls_loss: 4.1397, def_reg_loss: 5.9462, def_cls_loss: 5.8914, blind_reg_loss: 4.3857, loss: 22.9731
2024-08-31 09:02:34,264 - drb - INFO - Iter [275/11480]	lr: 1.997e-04, eta: 4:02:28, time: 1.270, data_time: 0.001, memory: 58396, n_reg_loss: 2.8128, n_cls_loss: 4.1497, def_reg_loss: 6.7620, def_cls_loss: 5.9234, blind_reg_loss: 4.1335, loss: 23.7814
2024-08-31 09:03:06,173 - drb - INFO - Iter [300/11480]	lr: 1.997e-04, eta: 4:01:35, time: 1.276, data_time: 0.001, memory: 58396, n_reg_loss: 2.5805, n_cls_loss: 4.1489, def_reg_loss: 5.1778, def_cls_loss: 5.7842, blind_reg_loss: 3.8771, loss: 21.5686
2024-08-31 09:03:38,157 - drb - INFO - Iter [325/11480]	lr: 1.996e-04, eta: 4:00:48, time: 1.279, data_time: 0.001, memory: 58396, n_reg_loss: 2.8250, n_cls_loss: 4.1311, def_reg_loss: 6.2480, def_cls_loss: 5.7566, blind_reg_loss: 4.0633, loss: 23.0240
2024-08-31 09:04:09,985 - drb - INFO - Iter [350/11480]	lr: 1.995e-04, eta: 3:59:58, time: 1.273, data_time: 0.001, memory: 58396, n_reg_loss: 2.4488, n_cls_loss: 3.9952, def_reg_loss: 6.7042, def_cls_loss: 5.9510, blind_reg_loss: 4.1486, loss: 23.2478
2024-08-31 09:04:41,651 - drb - INFO - Iter [375/11480]	lr: 1.995e-04, eta: 3:59:06, time: 1.267, data_time: 0.001, memory: 58396, n_reg_loss: 2.9036, n_cls_loss: 4.1159, def_reg_loss: 5.7249, def_cls_loss: 5.9586, blind_reg_loss: 3.9801, loss: 22.6831
2024-08-31 09:05:13,511 - drb - INFO - Iter [400/11480]	lr: 1.994e-04, eta: 3:58:21, time: 1.274, data_time: 0.001, memory: 58396, n_reg_loss: 2.4364, n_cls_loss: 4.1637, def_reg_loss: 6.9179, def_cls_loss: 5.5654, blind_reg_loss: 3.7908, loss: 22.8742
2024-08-31 09:05:45,346 - drb - INFO - Iter [425/11480]	lr: 1.993e-04, eta: 3:57:38, time: 1.273, data_time: 0.001, memory: 58396, n_reg_loss: 2.6995, n_cls_loss: 3.9518, def_reg_loss: 6.1585, def_cls_loss: 5.8547, blind_reg_loss: 4.1090, loss: 22.7736
2024-08-31 09:06:17,104 - drb - INFO - Iter [450/11480]	lr: 1.992e-04, eta: 3:56:54, time: 1.270, data_time: 0.001, memory: 58396, n_reg_loss: 2.6104, n_cls_loss: 4.1100, def_reg_loss: 6.2820, def_cls_loss: 5.6913, blind_reg_loss: 3.8974, loss: 22.5911
2024-08-31 09:06:48,898 - drb - INFO - Iter [475/11480]	lr: 1.992e-04, eta: 3:56:12, time: 1.272, data_time: 0.001, memory: 58396, n_reg_loss: 2.5997, n_cls_loss: 4.0339, def_reg_loss: 5.7038, def_cls_loss: 5.7902, blind_reg_loss: 3.9571, loss: 22.0849
2024-08-31 09:07:20,730 - drb - INFO - Iter [500/11480]	lr: 1.991e-04, eta: 3:55:31, time: 1.273, data_time: 0.001, memory: 58396, n_reg_loss: 2.5995, n_cls_loss: 4.1555, def_reg_loss: 5.6280, def_cls_loss: 5.5848, blind_reg_loss: 3.7266, loss: 21.6944
2024-08-31 09:07:52,553 - drb - INFO - Iter [525/11480]	lr: 1.990e-04, eta: 3:54:52, time: 1.273, data_time: 0.001, memory: 58396, n_reg_loss: 2.7024, n_cls_loss: 3.9222, def_reg_loss: 6.2842, def_cls_loss: 5.8396, blind_reg_loss: 4.4853, loss: 23.2337
2024-08-31 09:08:24,271 - drb - INFO - Iter [550/11480]	lr: 1.989e-04, eta: 3:54:11, time: 1.269, data_time: 0.001, memory: 58396, n_reg_loss: 2.6404, n_cls_loss: 4.0678, def_reg_loss: 6.8972, def_cls_loss: 5.7628, blind_reg_loss: 4.2179, loss: 23.5861
2024-08-31 09:08:56,248 - drb - INFO - Iter [575/11480]	lr: 1.988e-04, eta: 3:53:36, time: 1.279, data_time: 0.001, memory: 58396, n_reg_loss: 2.5737, n_cls_loss: 3.9668, def_reg_loss: 5.3212, def_cls_loss: 5.7556, blind_reg_loss: 4.3448, loss: 21.9622
2024-08-31 09:09:28,231 - drb - INFO - Iter [600/11480]	lr: 1.987e-04, eta: 3:53:01, time: 1.279, data_time: 0.001, memory: 58396, n_reg_loss: 2.4996, n_cls_loss: 4.0713, def_reg_loss: 4.7600, def_cls_loss: 5.7645, blind_reg_loss: 2.7596, loss: 19.8551
2024-08-31 09:10:00,153 - drb - INFO - Iter [625/11480]	lr: 1.985e-04, eta: 3:52:25, time: 1.277, data_time: 0.001, memory: 58396, n_reg_loss: 2.6258, n_cls_loss: 4.1580, def_reg_loss: 6.2219, def_cls_loss: 5.3887, blind_reg_loss: 3.8001, loss: 22.1944
2024-08-31 09:10:31,935 - drb - INFO - Iter [650/11480]	lr: 1.984e-04, eta: 3:51:48, time: 1.271, data_time: 0.001, memory: 58396, n_reg_loss: 2.6466, n_cls_loss: 4.1920, def_reg_loss: 6.5161, def_cls_loss: 5.1792, blind_reg_loss: 4.0830, loss: 22.6169
2024-08-31 09:11:04,031 - drb - INFO - Iter [675/11480]	lr: 1.983e-04, eta: 3:51:15, time: 1.284, data_time: 0.001, memory: 58396, n_reg_loss: 2.6262, n_cls_loss: 3.8670, def_reg_loss: 5.8809, def_cls_loss: 5.7583, blind_reg_loss: 3.7691, loss: 21.9016
2024-08-31 09:11:36,051 - drb - INFO - Iter [700/11480]	lr: 1.982e-04, eta: 3:50:42, time: 1.281, data_time: 0.001, memory: 58396, n_reg_loss: 2.5248, n_cls_loss: 3.9943, def_reg_loss: 5.5222, def_cls_loss: 5.7191, blind_reg_loss: 3.5834, loss: 21.3438
2024-08-31 09:12:07,754 - drb - INFO - Iter [725/11480]	lr: 1.980e-04, eta: 3:50:04, time: 1.268, data_time: 0.001, memory: 58396, n_reg_loss: 2.4799, n_cls_loss: 3.9560, def_reg_loss: 5.9011, def_cls_loss: 5.4488, blind_reg_loss: 3.8836, loss: 21.6694
2024-08-31 09:12:39,714 - drb - INFO - Iter [750/11480]	lr: 1.979e-04, eta: 3:49:30, time: 1.278, data_time: 0.001, memory: 58396, n_reg_loss: 2.6512, n_cls_loss: 4.1144, def_reg_loss: 5.5401, def_cls_loss: 5.5601, blind_reg_loss: 3.8910, loss: 21.7567
2024-08-31 09:13:11,572 - drb - INFO - Iter [775/11480]	lr: 1.978e-04, eta: 3:48:55, time: 1.274, data_time: 0.001, memory: 58396, n_reg_loss: 2.4627, n_cls_loss: 3.8902, def_reg_loss: 5.5313, def_cls_loss: 5.8100, blind_reg_loss: 3.7190, loss: 21.4132
2024-08-31 09:13:43,143 - drb - INFO - Iter [800/11480]	lr: 1.976e-04, eta: 3:48:16, time: 1.263, data_time: 0.001, memory: 58396, n_reg_loss: 2.5609, n_cls_loss: 4.0543, def_reg_loss: 5.1918, def_cls_loss: 5.6685, blind_reg_loss: 3.7916, loss: 21.2671
2024-08-31 09:14:14,863 - drb - INFO - Iter [825/11480]	lr: 1.975e-04, eta: 3:47:39, time: 1.269, data_time: 0.001, memory: 58396, n_reg_loss: 2.3521, n_cls_loss: 3.9257, def_reg_loss: 5.4902, def_cls_loss: 5.7650, blind_reg_loss: 3.5286, loss: 21.0615
2024-08-31 09:14:46,921 - drb - INFO - Iter [850/11480]	lr: 1.973e-04, eta: 3:47:07, time: 1.282, data_time: 0.001, memory: 58396, n_reg_loss: 2.3074, n_cls_loss: 3.9624, def_reg_loss: 4.7970, def_cls_loss: 5.4428, blind_reg_loss: 3.3966, loss: 19.9063
2024-08-31 09:15:18,810 - drb - INFO - Iter [875/11480]	lr: 1.972e-04, eta: 3:46:33, time: 1.276, data_time: 0.001, memory: 58396, n_reg_loss: 2.5176, n_cls_loss: 4.1157, def_reg_loss: 5.5763, def_cls_loss: 5.3514, blind_reg_loss: 3.7833, loss: 21.3443
2024-08-31 09:15:50,610 - drb - INFO - Iter [900/11480]	lr: 1.970e-04, eta: 3:45:58, time: 1.272, data_time: 0.001, memory: 58396, n_reg_loss: 2.5377, n_cls_loss: 3.9945, def_reg_loss: 5.7790, def_cls_loss: 5.6535, blind_reg_loss: 3.7600, loss: 21.7246
2024-08-31 09:16:22,459 - drb - INFO - Iter [925/11480]	lr: 1.968e-04, eta: 3:45:24, time: 1.274, data_time: 0.001, memory: 58396, n_reg_loss: 2.5318, n_cls_loss: 3.9782, def_reg_loss: 5.5504, def_cls_loss: 5.7904, blind_reg_loss: 4.1689, loss: 22.0197
2024-08-31 09:16:54,376 - drb - INFO - Iter [950/11480]	lr: 1.966e-04, eta: 3:44:51, time: 1.277, data_time: 0.001, memory: 58396, n_reg_loss: 2.6573, n_cls_loss: 4.0530, def_reg_loss: 6.2745, def_cls_loss: 5.1888, blind_reg_loss: 3.9175, loss: 22.0911
2024-08-31 09:17:26,166 - drb - INFO - Iter [975/11480]	lr: 1.965e-04, eta: 3:44:16, time: 1.272, data_time: 0.001, memory: 58396, n_reg_loss: 2.6596, n_cls_loss: 3.7887, def_reg_loss: 5.6283, def_cls_loss: 5.8338, blind_reg_loss: 4.1717, loss: 22.0821
2024-08-31 09:17:57,945 - drb - INFO - Exp name: train_config.py
2024-08-31 09:17:57,945 - drb - INFO - Iter [1000/11480]	lr: 1.963e-04, eta: 3:43:42, time: 1.271, data_time: 0.001, memory: 58396, n_reg_loss: 2.8370, n_cls_loss: 3.8875, def_reg_loss: 5.2571, def_cls_loss: 5.8268, blind_reg_loss: 4.2302, loss: 22.0387
2024-08-31 09:18:29,771 - drb - INFO - Iter [1025/11480]	lr: 1.961e-04, eta: 3:43:08, time: 1.273, data_time: 0.001, memory: 58396, n_reg_loss: 2.5109, n_cls_loss: 4.0391, def_reg_loss: 6.5997, def_cls_loss: 5.4462, blind_reg_loss: 4.2114, loss: 22.8074
2024-08-31 09:19:01,650 - drb - INFO - Iter [1050/11480]	lr: 1.959e-04, eta: 3:42:34, time: 1.275, data_time: 0.001, memory: 58396, n_reg_loss: 2.4021, n_cls_loss: 3.9318, def_reg_loss: 4.7778, def_cls_loss: 5.3414, blind_reg_loss: 3.6255, loss: 20.0787
2024-08-31 09:19:33,321 - drb - INFO - Iter [1075/11480]	lr: 1.957e-04, eta: 3:41:59, time: 1.267, data_time: 0.001, memory: 58396, n_reg_loss: 2.4281, n_cls_loss: 4.1665, def_reg_loss: 5.4657, def_cls_loss: 5.4994, blind_reg_loss: 3.6518, loss: 21.2115
2024-08-31 09:20:05,271 - drb - INFO - Iter [1100/11480]	lr: 1.955e-04, eta: 3:41:27, time: 1.278, data_time: 0.001, memory: 58396, n_reg_loss: 2.3642, n_cls_loss: 3.9399, def_reg_loss: 5.3089, def_cls_loss: 5.6111, blind_reg_loss: 3.5357, loss: 20.7599
2024-08-31 09:20:36,971 - drb - INFO - Iter [1125/11480]	lr: 1.953e-04, eta: 3:40:52, time: 1.268, data_time: 0.001, memory: 58396, n_reg_loss: 2.6199, n_cls_loss: 3.9593, def_reg_loss: 5.3459, def_cls_loss: 5.3361, blind_reg_loss: 3.3813, loss: 20.6425
2024-08-31 09:21:06,165 - drb - INFO - Saving checkpoint at 1 epochs
2024-08-31 09:27:18,666 - drb - INFO - val: mad=2.9172995291593864, acc=0.8521308534397575
2024-08-31 09:27:18,666 - drb - INFO - Iter(val) [4202]	mad: 2.9173, acc: 0.8521
2024-08-31 09:27:24,134 - drb - INFO - Iter [1150/11480]	lr: 1.951e-04, eta: 3:45:46, time: 2.731, data_time: 1.389, memory: 58396, n_reg_loss: 3.0585, n_cls_loss: 4.2741, def_reg_loss: 7.8113, def_cls_loss: 5.1367, blind_reg_loss: 2.7827, loss: 23.0633
2024-08-31 09:27:55,982 - drb - INFO - Iter [1175/11480]	lr: 1.949e-04, eta: 3:45:05, time: 1.274, data_time: 0.001, memory: 58396, n_reg_loss: 2.3560, n_cls_loss: 3.8749, def_reg_loss: 5.1619, def_cls_loss: 5.6553, blind_reg_loss: 3.4891, loss: 20.5371
2024-08-31 09:28:27,882 - drb - INFO - Iter [1200/11480]	lr: 1.947e-04, eta: 3:44:25, time: 1.276, data_time: 0.001, memory: 58396, n_reg_loss: 2.3551, n_cls_loss: 3.8477, def_reg_loss: 5.1230, def_cls_loss: 5.3486, blind_reg_loss: 3.4808, loss: 20.1552
2024-08-31 09:28:59,700 - drb - INFO - Iter [1225/11480]	lr: 1.944e-04, eta: 3:43:44, time: 1.273, data_time: 0.001, memory: 58396, n_reg_loss: 2.3239, n_cls_loss: 3.7554, def_reg_loss: 5.0355, def_cls_loss: 5.5679, blind_reg_loss: 3.5933, loss: 20.2759
2024-08-31 09:29:31,535 - drb - INFO - Iter [1250/11480]	lr: 1.942e-04, eta: 3:43:04, time: 1.273, data_time: 0.001, memory: 58396, n_reg_loss: 2.2430, n_cls_loss: 3.8133, def_reg_loss: 4.7884, def_cls_loss: 5.4848, blind_reg_loss: 3.9108, loss: 20.2404
