2024-08-31 08:54:50,756 - drb - INFO - Environment info:
------------------------------------------------------------
sys.platform: linux
Python: 3.8.16 (default, Mar  2 2023, 03:21:46) [GCC 11.2.0]
CUDA available: True
GPU 0: NVIDIA A100-SXM4-80GB
CUDA_HOME: /usr/local/cuda
NVCC: Cuda compilation tools, release 12.1, V12.1.105
GCC: gcc (Ubuntu 11.4.0-1ubuntu1~22.04) 11.4.0
PyTorch: 2.0.1
PyTorch compiling details: PyTorch built with:
  - GCC 9.3
  - C++ Version: 201703
  - Intel(R) oneAPI Math Kernel Library Version 2023.1-Product Build 20230303 for Intel(R) 64 architecture applications
  - Intel(R) MKL-DNN v2.7.3 (Git Hash 6dbeffbae1f23cbbeae17adb7b5b13f1f37c080e)
  - OpenMP 201511 (a.k.a. OpenMP 4.5)
  - LAPACK is enabled (usually provided by MKL)
  - NNPACK is enabled
  - CPU capability usage: AVX2
  - CUDA Runtime 11.7
  - NVCC architecture flags: -gencode;arch=compute_37,code=sm_37;-gencode;arch=compute_50,code=sm_50;-gencode;arch=compute_60,code=sm_60;-gencode;arch=compute_61,code=sm_61;-gencode;arch=compute_70,code=sm_70;-gencode;arch=compute_75,code=sm_75;-gencode;arch=compute_80,code=sm_80;-gencode;arch=compute_86,code=sm_86;-gencode;arch=compute_37,code=compute_37
  - CuDNN 8.5
  - Magma 2.6.1
  - Build settings: BLAS_INFO=mkl, BUILD_TYPE=Release, CUDA_VERSION=11.7, CUDNN_VERSION=8.5.0, CXX_COMPILER=/opt/rh/devtoolset-9/root/usr/bin/c++, CXX_FLAGS= -D_GLIBCXX_USE_CXX11_ABI=0 -fabi-version=11 -Wno-deprecated -fvisibility-inlines-hidden -DUSE_PTHREADPOOL -DNDEBUG -DUSE_KINETO -DLIBKINETO_NOROCTRACER -DUSE_FBGEMM -DUSE_QNNPACK -DUSE_PYTORCH_QNNPACK -DUSE_XNNPACK -DSYMBOLICATE_MOBILE_DEBUG_HANDLE -O2 -fPIC -Wall -Wextra -Werror=return-type -Werror=non-virtual-dtor -Werror=bool-operation -Wnarrowing -Wno-missing-field-initializers -Wno-type-limits -Wno-array-bounds -Wno-unknown-pragmas -Wunused-local-typedefs -Wno-unused-parameter -Wno-unused-function -Wno-unused-result -Wno-strict-overflow -Wno-strict-aliasing -Wno-error=deprecated-declarations -Wno-stringop-overflow -Wno-psabi -Wno-error=pedantic -Wno-error=redundant-decls -Wno-error=old-style-cast -fdiagnostics-color=always -faligned-new -Wno-unused-but-set-variable -Wno-maybe-uninitialized -fno-math-errno -fno-trapping-math -Werror=format -Werror=cast-function-type -Wno-stringop-overflow, LAPACK_INFO=mkl, PERF_WITH_AVX=1, PERF_WITH_AVX2=1, PERF_WITH_AVX512=1, TORCH_DISABLE_GPU_ASSERTS=ON, TORCH_VERSION=2.0.1, USE_CUDA=ON, USE_CUDNN=ON, USE_EXCEPTION_PTR=1, USE_GFLAGS=OFF, USE_GLOG=OFF, USE_MKL=ON, USE_MKLDNN=ON, USE_MPI=OFF, USE_NCCL=ON, USE_NNPACK=ON, USE_OPENMP=ON, USE_ROCM=OFF, 

TorchVision: 0.15.2
OpenCV: 4.7.0
MMCV: 1.6.1
MMCV Compiler: n/a
MMCV CUDA Compiler: n/a
DRB: 0.0.1+
------------------------------------------------------------

2024-08-31 08:54:50,757 - drb - INFO - Distributed training: False
2024-08-31 08:54:50,826 - drb - INFO - Config:
cudnn_benchmark = True
load_from = None
resume_from = None
dist_params = dict(backend='nccl')
log_level = 'INFO'
workflow = [('train', 1)]
fp16 = dict(loss_scale='dynamic')
model = dict(
    type='OCTEVA3D', slice_dim=16, num_classes=2, grad_checkpointing=True)
optimizer = dict(
    type='AdamW',
    lr=0.0002,
    betas=(0.9, 0.999),
    weight_decay=0.05,
    paramwise_cfg=dict(
        bypass_duplicate=True,
        custom_keys=dict({
            'patch_embed.': dict(lr_mult=0.1, decay_mult=1.0),
            'blocks.': dict(lr_mult=0.1, decay_mult=1.0),
            'norm.': dict(lr_mult=0.1, decay_mult=1.0),
            'rope.': dict(lr_mult=0.1, decay_mult=1.0)
        })))
optimizer_config = dict()
runner = dict(type='EpochBasedRunner', max_epochs=10)
data = dict(
    samples_per_gpu=8,
    workers_per_gpu=8,
    train=dict(
        type='RepeatDataset',
        times=1,
        dataset=dict(
            type='OCTVFDataset',
            data_root=
            '/cpfs01/user/songdiping/Workspaces/Data/oct2vf/zoc3d-2022_resize384/',
            split='TrainVal_split/disc_train_split.json',
            num_classes=2,
            slice_dim=16,
            reg_targets_dim=54,
            cls_targets_dim=52,
            num_thread=1,
            dataAug=True)),
    val=dict(
        type='OCTVFDataset',
        data_root=
        '/cpfs01/user/songdiping/Workspaces/Data/oct2vf/zoc3d-2022_resize384/',
        split='TrainVal_split/disc_val_split.json',
        reg_targets_dim=54,
        cls_targets_dim=52,
        num_classes=2,
        slice_dim=16))
evaluation = dict(
    interval=1, less_keys=['mad'], greater_keys=['acc'], save_best='mad')
lr_config = dict(
    policy='CosineAnnealing',
    min_lr=0,
    by_epoch=False,
    warmup='linear',
    warmup_ratio=0.001,
    warmup_iters=100,
    warmup_by_epoch=False)
checkpoint_config = dict(by_epoch=True, interval=1)
log_config = dict(
    interval=25, hooks=[dict(type='TextLoggerHook', by_epoch=False)])
work_dir = './work_dirs/train_config'
gpu_ids = range(0, 1)

2024-08-31 08:54:50,829 - drb - INFO - Set random seed to 1830492873, deterministic: False
2024-08-31 08:55:00,960 - drb - INFO - OCTEVA3D(
  (patch_embed): PatchEmbed(
    (proj): Conv2d(1, 192, kernel_size=(14, 14), stride=(14, 14))
    (norm): Identity()
  )
  (blocks): ModuleList(
    (0-11): 12 x EvaBlock(
      (norm1): LayerNorm((192,), eps=1e-06, elementwise_affine=True)
      (attn): EvaAttention(
        (qkv): Linear(in_features=192, out_features=576, bias=False)
        (attn_drop): Dropout(p=0.0, inplace=False)
        (norm): Identity()
        (proj): Linear(in_features=192, out_features=192, bias=True)
        (proj_drop): Dropout(p=0.0, inplace=False)
      )
      (drop_path1): Identity()
      (norm2): LayerNorm((192,), eps=1e-06, elementwise_affine=True)
      (mlp): GluMlp(
        (fc1): Linear(in_features=192, out_features=1024, bias=True)
        (act): SiLU()
        (drop1): Dropout(p=0.0, inplace=False)
        (norm): Identity()
        (fc2): Linear(in_features=512, out_features=192, bias=True)
        (drop2): Dropout(p=0.0, inplace=False)
      )
      (drop_path2): Identity()
    )
  )
  (pos_drop): Dropout(p=0.0, inplace=False)
  (rope): RotaryEmbeddingCat()
  (norm): Identity()
  (age_embed): Embedding(120, 192)
  (slice_fuse): Sequential(
    (0): FuseSliceLayer(
      (attn): MultiheadAttention(
        (out_proj): NonDynamicallyQuantizableLinear(in_features=192, out_features=192, bias=True)
      )
    )
    (1): FuseSliceLayer(
      (attn): MultiheadAttention(
        (out_proj): NonDynamicallyQuantizableLinear(in_features=192, out_features=192, bias=True)
      )
    )
    (2): FuseSliceLayer(
      (attn): MultiheadAttention(
        (out_proj): NonDynamicallyQuantizableLinear(in_features=192, out_features=192, bias=True)
      )
    )
  )
  (reg_head): Linear(in_features=192, out_features=54, bias=True)
  (cls_head): Linear(in_features=192, out_features=104, bias=True)
)
2024-08-31 08:55:14,007 - drb - INFO - Start running, host: root@dsw-90562-d9b4f779c-4pmnh, work_dir: /cpfs01/user/songdiping/Workspaces/Codes/oct2vf_github/work_dirs/train_config
2024-08-31 08:55:14,007 - drb - INFO - Hooks will be executed in the following order:
before_run:
(VERY_HIGH   ) CosineAnnealingLrUpdaterHook       
(ABOVE_NORMAL) Fp16OptimizerHook                  
(NORMAL      ) CheckpointHook                     
(LOW         ) EvalHook                           
(VERY_LOW    ) TextLoggerHook                     
 -------------------- 
before_train_epoch:
(VERY_HIGH   ) CosineAnnealingLrUpdaterHook       
(LOW         ) IterTimerHook                      
(LOW         ) EvalHook                           
(VERY_LOW    ) TextLoggerHook                     
 -------------------- 
before_train_iter:
(VERY_HIGH   ) CosineAnnealingLrUpdaterHook       
(LOW         ) IterTimerHook                      
(LOW         ) EvalHook                           
 -------------------- 
after_train_iter:
(ABOVE_NORMAL) Fp16OptimizerHook                  
(NORMAL      ) CheckpointHook                     
(LOW         ) IterTimerHook                      
(LOW         ) EvalHook                           
(VERY_LOW    ) TextLoggerHook                     
 -------------------- 
after_train_epoch:
(NORMAL      ) CheckpointHook                     
(LOW         ) EvalHook                           
(VERY_LOW    ) TextLoggerHook                     
 -------------------- 
before_val_epoch:
(LOW         ) IterTimerHook                      
(VERY_LOW    ) TextLoggerHook                     
 -------------------- 
before_val_iter:
(LOW         ) IterTimerHook                      
 -------------------- 
after_val_iter:
(LOW         ) IterTimerHook                      
 -------------------- 
after_val_epoch:
(VERY_LOW    ) TextLoggerHook                     
 -------------------- 
after_run:
(VERY_LOW    ) TextLoggerHook                     
 -------------------- 
2024-08-31 08:55:14,008 - drb - INFO - workflow: [('train', 1)], max: 10 epochs
2024-08-31 08:55:14,009 - drb - INFO - Checkpoints will be saved to /cpfs01/user/songdiping/Workspaces/Codes/oct2vf_github/work_dirs/train_config by HardDiskBackend.
2024-08-31 08:55:53,272 - drb - INFO - Iter [25/11480]	lr: 4.815e-05, eta: 4:59:48, time: 1.570, data_time: 0.128, memory: 58396, n_reg_loss: 9.2777, n_cls_loss: 8.7400, def_reg_loss: 7.6886, def_cls_loss: 3.4359, blind_reg_loss: 9.1314, loss: 38.2737
